<?xml version="1.0" encoding="UTF-8"?>
<!-- Generated by org.testng.reporters.JUnitReportReporter -->
<testsuite hostname="DESKTOP-98I1HA0" failures="0" tests="3" name="test.HomePage" time="26.133" errors="0" timestamp="2021-06-24T11:13:53 IST" skipped="0">
  <testcase classname="test.HomePage" name="basePageNavigation" time="8.987"/>
  <system-out/>
  <testcase classname="test.HomePage" name="basePageNavigation" time="5.836"/>
  <system-out/>
  <testcase classname="test.HomePage" name="basePageNavigation" time="11.310"/>
  <system-out/>
</testsuite> <!-- test.HomePage -->
