<?xml version="1.0" encoding="UTF-8"?>
<!-- Generated by org.testng.reporters.JUnitReportReporter -->
<testsuite hostname="DESKTOP-98I1HA0" failures="0" tests="1" name="test.BaseTest" time="16.434" errors="0" timestamp="2021-06-23T15:38:50 IST" skipped="0">
  <testcase classname="test.BaseTest" name="basePageNavigation" time="16.434"/>
  <system-out/>
</testsuite> <!-- test.BaseTest -->
