<?xml version="1.0" encoding="UTF-8"?>
<!-- Generated by org.testng.reporters.JUnitReportReporter -->
<testsuite hostname="DESKTOP-98I1HA0" failures="0" tests="1" name="test.ValidateNavigationBar" time="0.392" errors="0" timestamp="2021-06-24T11:13:53 IST" skipped="0">
  <testcase classname="test.ValidateNavigationBar" name="testNavigationBar" time="0.392"/>
  <system-out/>
</testsuite> <!-- test.ValidateNavigationBar -->
